<?xml version="1.0" encoding="UTF-8"?>
<testsuite name="edu.ifsp.loja.LojaWebFrameworksApplicationTests" tests="1" skipped="0" failures="0" errors="0" timestamp="2026-03-26T23:38:58.570Z" hostname="positivo-C4400" time="0.332">
  <properties/>
  <testcase name="contextLoads()" classname="edu.ifsp.loja.LojaWebFrameworksApplicationTests" time="0.332"/>
  <system-out><![CDATA[20:38:54.863 [Test worker] INFO org.springframework.test.context.support.AnnotationConfigContextLoaderUtils -- Could not detect default configuration classes for test class [edu.ifsp.loja.LojaWebFrameworksApplicationTests]: LojaWebFrameworksApplicationTests does not declare any static, non-private, non-final, nested classes annotated with @Configuration.
20:38:54.950 [Test worker] INFO org.springframework.boot.test.context.SpringBootTestContextBootstrapper -- Found @SpringBootConfiguration edu.ifsp.loja.LojaWebFrameworksApplication for test class edu.ifsp.loja.LojaWebFrameworksApplicationTests

  .   ____          _            __ _ _
 /\\ / ___'_ __ _ _(_)_ __  __ _ \ \ \ \
( ( )\___ | '_ | '_| | '_ \/ _` | \ \ \ \
 \\/  ___)| |_)| | | | | || (_| |  ) ) ) )
  '  |____| .__|_| |_|_| |_\__, | / / / /
 =========|_|==============|___/=/_/_/_/

 :: Spring Boot ::                (v3.5.5)

2026-03-26T20:38:55.303-03:00  INFO 13144 --- [Loja WebFrameworks] [    Test worker] e.i.l.LojaWebFrameworksApplicationTests  : Starting LojaWebFrameworksApplicationTests using Java 21.0.7 with PID 13144 (started by aluno in /home/aluno/Documentos/loja)
2026-03-26T20:38:55.305-03:00  INFO 13144 --- [Loja WebFrameworks] [    Test worker] e.i.l.LojaWebFrameworksApplicationTests  : The following 1 profile is active: "dev"
2026-03-26T20:38:55.827-03:00  INFO 13144 --- [Loja WebFrameworks] [    Test worker] .s.d.r.c.RepositoryConfigurationDelegate : Bootstrapping Spring Data JPA repositories in DEFAULT mode.
2026-03-26T20:38:55.874-03:00  INFO 13144 --- [Loja WebFrameworks] [    Test worker] .s.d.r.c.RepositoryConfigurationDelegate : Finished Spring Data repository scanning in 39 ms. Found 2 JPA repository interfaces.
2026-03-26T20:38:56.172-03:00  INFO 13144 --- [Loja WebFrameworks] [    Test worker] com.zaxxer.hikari.HikariDataSource       : HikariPool-1 - Starting...
2026-03-26T20:38:56.487-03:00  INFO 13144 --- [Loja WebFrameworks] [    Test worker] com.zaxxer.hikari.pool.HikariPool        : HikariPool-1 - Added connection com.mysql.cj.jdbc.ConnectionImpl@7cfb8e98
2026-03-26T20:38:56.489-03:00  INFO 13144 --- [Loja WebFrameworks] [    Test worker] com.zaxxer.hikari.HikariDataSource       : HikariPool-1 - Start completed.
2026-03-26T20:38:56.968-03:00  INFO 13144 --- [Loja WebFrameworks] [    Test worker] o.hibernate.jpa.internal.util.LogHelper  : HHH000204: Processing PersistenceUnitInfo [name: default]
2026-03-26T20:38:57.003-03:00  INFO 13144 --- [Loja WebFrameworks] [    Test worker] org.hibernate.Version                    : HHH000412: Hibernate ORM core version 6.6.26.Final
2026-03-26T20:38:57.032-03:00  INFO 13144 --- [Loja WebFrameworks] [    Test worker] o.h.c.internal.RegionFactoryInitiator    : HHH000026: Second-level cache disabled
2026-03-26T20:38:57.237-03:00  INFO 13144 --- [Loja WebFrameworks] [    Test worker] o.s.o.j.p.SpringPersistenceUnitInfo      : No LoadTimeWeaver setup: ignoring JPA class transformer
2026-03-26T20:38:57.308-03:00  INFO 13144 --- [Loja WebFrameworks] [    Test worker] org.hibernate.orm.connections.pooling    : HHH10001005: Database info:
	Database JDBC URL [Connecting through datasource 'HikariDataSource (HikariPool-1)']
	Database driver: undefined/unknown
	Database version: 8.0.42
	Autocommit mode: undefined/unknown
	Isolation level: undefined/unknown
	Minimum pool size: undefined/unknown
	Maximum pool size: undefined/unknown
2026-03-26T20:38:57.819-03:00  INFO 13144 --- [Loja WebFrameworks] [    Test worker] o.h.e.t.j.p.i.JtaPlatformInitiator       : HHH000489: No JTA platform available (set 'hibernate.transaction.jta.platform' to enable JTA platform integration)
2026-03-26T20:38:57.928-03:00  INFO 13144 --- [Loja WebFrameworks] [    Test worker] j.LocalContainerEntityManagerFactoryBean : Initialized JPA EntityManagerFactory for persistence unit 'default'
2026-03-26T20:38:58.188-03:00  WARN 13144 --- [Loja WebFrameworks] [    Test worker] JpaBaseConfiguration$JpaWebConfiguration : spring.jpa.open-in-view is enabled by default. Therefore, database queries may be performed during view rendering. Explicitly configure spring.jpa.open-in-view to disable this warning
2026-03-26T20:38:58.558-03:00  INFO 13144 --- [Loja WebFrameworks] [    Test worker] e.i.l.LojaWebFrameworksApplicationTests  : Started LojaWebFrameworksApplicationTests in 3.479 seconds (process running for 4.316)
]]></system-out>
  <system-err><![CDATA[Mockito is currently self-attaching to enable the inline-mock-maker. This will no longer work in future releases of the JDK. Please add Mockito as an agent to your build as described in Mockito's documentation: https://javadoc.io/doc/org.mockito/mockito-core/latest/org.mockito/org/mockito/Mockito.html#0.3
WARNING: A Java agent has been loaded dynamically (/home/aluno/.gradle/caches/modules-2/files-2.1/net.bytebuddy/byte-buddy-agent/1.17.7/fbf3d6d649ed37fc9e9c59480a05be0a26e3c2da/byte-buddy-agent-1.17.7.jar)
WARNING: If a serviceability tool is in use, please run with -XX:+EnableDynamicAgentLoading to hide this warning
WARNING: If a serviceability tool is not in use, please run with -Djdk.instrument.traceUsage for more information
WARNING: Dynamic loading of agents will be disallowed by default in a future release
]]></system-err>
</testsuite>
